# JRE version: OpenJDK Runtime Environment Temurin-21.0.5+11 (21.0.5+11) (build 21.0.5+11-LTS)
# Java VM: OpenJDK 64-Bit Server VM Temurin-21.0.5+11 (21.0.5+11-LTS, mixed mode, sharing, tiered, compressed oops, compressed class ptrs, parallel gc, windows-amd64)
GC Precious Log:
 CardTable entry size: 512
 CPUs: 8 total, 8 available
 Memory: 15761M
 Large Page Support: Disabled
 NUMA Support: Disabled
 Compressed Oops: Enabled (32-bit)
 Alignments: Space 512K, Generation 512K, Heap 2M
 Heap Min Capacity: 100M
 Heap Initial Capacity: 100M
 Heap Max Capacity: 1G
 Pre-touch: Disabled
 Parallel Workers: 8
Heap:
 PSYoungGen      total 12288K, used 11515K [0x00000000eab00000, 0x00000000eb980000, 0x0000000100000000)
  eden space 9728K, 97% used [0x00000000eab00000,0x00000000eb43c2e8,0x00000000eb480000)
  from space 2560K, 80% used [0x00000000eb700000,0x00000000eb902be8,0x00000000eb980000)
  to   space 2560K, 0% used [0x00000000eb480000,0x00000000eb480000,0x00000000eb700000)
 ParOldGen       total 128512K, used 128281K [0x00000000c0000000, 0x00000000c7d80000, 0x00000000eab00000)
  object space 128512K, 99% used [0x00000000c0000000,0x00000000c7d46790,0x00000000c7d80000)
 Metaspace       used 67555K, committed 68928K, reserved 1114112K
  class space    used 6943K, committed 7552K, reserved 1048576K
GC Heap History (20 events):
Event: 53.610 GC heap before
{Heap before GC invocations=72 (full 3):
 PSYoungGen      total 11776K, used 11511K [0x00000000eab00000, 0x00000000eb980000, 0x0000000100000000)
  eden space 9728K, 100% used [0x00000000eab00000,0x00000000eb480000,0x00000000eb480000)
  from space 2048K, 87% used [0x00000000eb780000,0x00000000eb93dcc0,0x00000000eb980000)
  to   space 2048K, 0% used [0x00000000eb580000,0x00000000eb580000,0x00000000eb780000)
 ParOldGen       total 112640K, used 112315K [0x00000000c0000000, 0x00000000c6e00000, 0x00000000eab00000)
  object space 112640K, 99% used [0x00000000c0000000,0x00000000c6daee48,0x00000000c6e00000)
 Metaspace       used 66758K, committed 68160K, reserved 1114112K
  class space    used 6855K, committed 7488K, reserved 1048576K
}
Event: 53.613 GC heap after
{Heap after GC invocations=72 (full 3):
 PSYoungGen      total 11264K, used 1184K [0x00000000eab00000, 0x00000000eb800000, 0x0000000100000000)
  eden space 9728K, 0% used [0x00000000eab00000,0x00000000eab00000,0x00000000eb480000)
  from space 1536K, 77% used [0x00000000eb580000,0x00000000eb6a8000,0x00000000eb700000)
  to   space 1024K, 0% used [0x00000000eb700000,0x00000000eb700000,0x00000000eb800000)
 ParOldGen       total 114176K, used 113864K [0x00000000c0000000, 0x00000000c6f80000, 0x00000000eab00000)
  object space 114176K, 99% used [0x00000000c0000000,0x00000000c6f32380,0x00000000c6f80000)
 Metaspace       used 66758K, committed 68160K, reserved 1114112K
  class space    used 6855K, committed 7488K, reserved 1048576K
}
Event: 53.660 GC heap before
{Heap before GC invocations=73 (full 3):
 PSYoungGen      total 11264K, used 10912K [0x00000000eab00000, 0x00000000eb800000, 0x0000000100000000)
  eden space 9728K, 100% used [0x00000000eab00000,0x00000000eb480000,0x00000000eb480000)
  from space 1536K, 77% used [0x00000000eb580000,0x00000000eb6a8000,0x00000000eb700000)
  to   space 1024K, 0% used [0x00000000eb700000,0x00000000eb700000,0x00000000eb800000)
 ParOldGen       total 114176K, used 113864K [0x00000000c0000000, 0x00000000c6f80000, 0x00000000eab00000)
  object space 114176K, 99% used [0x00000000c0000000,0x00000000c6f32380,0x00000000c6f80000)
 Metaspace       used 66779K, committed 68224K, reserved 1114112K
  class space    used 6855K, committed 7488K, reserved 1048576K
}
Event: 53.663 GC heap after
{Heap after GC invocations=73 (full 3):
 PSYoungGen      total 10752K, used 1024K [0x00000000eab00000, 0x00000000eb880000, 0x0000000100000000)
  eden space 9728K, 0% used [0x00000000eab00000,0x00000000eab00000,0x00000000eb480000)
  from space 1024K, 100% used [0x00000000eb700000,0x00000000eb800000,0x00000000eb800000)
  to   space 2048K, 0% used [0x00000000eb480000,0x00000000eb480000,0x00000000eb680000)
 ParOldGen       total 115200K, used 114734K [0x00000000c0000000, 0x00000000c7080000, 0x00000000eab00000)
  object space 115200K, 99% used [0x00000000c0000000,0x00000000c700b990,0x00000000c7080000)
 Metaspace       used 66779K, committed 68224K, reserved 1114112K
  class space    used 6855K, committed 7488K, reserved 1048576K
}
Event: 53.732 GC heap before
{Heap before GC invocations=74 (full 3):
 PSYoungGen      total 10752K, used 10752K [0x00000000eab00000, 0x00000000eb880000, 0x0000000100000000)
  eden space 9728K, 100% used [0x00000000eab00000,0x00000000eb480000,0x00000000eb480000)
  from space 1024K, 100% used [0x00000000eb700000,0x00000000eb800000,0x00000000eb800000)
  to   space 2048K, 0% used [0x00000000eb480000,0x00000000eb480000,0x00000000eb680000)
 ParOldGen       total 115200K, used 114734K [0x00000000c0000000, 0x00000000c7080000, 0x00000000eab00000)
  object space 115200K, 99% used [0x00000000c0000000,0x00000000c700b990,0x00000000c7080000)
 Metaspace       used 66807K, committed 68224K, reserved 1114112K
  class space    used 6855K, committed 7488K, reserved 1048576K
}
Event: 53.736 GC heap after
{Heap after GC invocations=74 (full 3):
 PSYoungGen      total 11776K, used 1728K [0x00000000eab00000, 0x00000000eb880000, 0x0000000100000000)
  eden space 9728K, 0% used [0x00000000eab00000,0x00000000eab00000,0x00000000eb480000)
  from space 2048K, 84% used [0x00000000eb480000,0x00000000eb630000,0x00000000eb680000)
  to   space 2048K, 0% used [0x00000000eb680000,0x00000000eb680000,0x00000000eb880000)
 ParOldGen       total 115712K, used 115637K [0x00000000c0000000, 0x00000000c7100000, 0x00000000eab00000)
  object space 115712K, 99% used [0x00000000c0000000,0x00000000c70ed690,0x00000000c7100000)
 Metaspace       used 66807K, committed 68224K, reserved 1114112K
  class space    used 6855K, committed 7488K, reserved 1048576K
}
Event: 53.811 GC heap before
{Heap before GC invocations=75 (full 3):
 PSYoungGen      total 11776K, used 11456K [0x00000000eab00000, 0x00000000eb880000, 0x0000000100000000)
  eden space 9728K, 100% used [0x00000000eab00000,0x00000000eb480000,0x00000000eb480000)
  from space 2048K, 84% used [0x00000000eb480000,0x00000000eb630000,0x00000000eb680000)
  to   space 2048K, 0% used [0x00000000eb680000,0x00000000eb680000,0x00000000eb880000)
 ParOldGen       total 115712K, used 115637K [0x00000000c0000000, 0x00000000c7100000, 0x00000000eab00000)
  object space 115712K, 99% used [0x00000000c0000000,0x00000000c70ed690,0x00000000c7100000)
 Metaspace       used 66869K, committed 68288K, reserved 1114112K
  class space    used 6858K, committed 7488K, reserved 1048576K
}
Event: 53.815 GC heap after
{Heap after GC invocations=75 (full 3):
 PSYoungGen      total 11776K, used 1486K [0x00000000eab00000, 0x00000000eb880000, 0x0000000100000000)
  eden space 9728K, 0% used [0x00000000eab00000,0x00000000eab00000,0x00000000eb480000)
  from space 2048K, 72% used [0x00000000eb680000,0x00000000eb7f3890,0x00000000eb880000)
  to   space 2048K, 0% used [0x00000000eb480000,0x00000000eb480000,0x00000000eb680000)
 ParOldGen       total 117248K, used 117233K [0x00000000c0000000, 0x00000000c7280000, 0x00000000eab00000)
  object space 117248K, 99% used [0x00000000c0000000,0x00000000c727c630,0x00000000c7280000)
 Metaspace       used 66869K, committed 68288K, reserved 1114112K
  class space    used 6858K, committed 7488K, reserved 1048576K
}
Event: 53.959 GC heap before
{Heap before GC invocations=76 (full 3):
 PSYoungGen      total 11776K, used 11214K [0x00000000eab00000, 0x00000000eb880000, 0x0000000100000000)
  eden space 9728K, 100% used [0x00000000eab00000,0x00000000eb480000,0x00000000eb480000)
  from space 2048K, 72% used [0x00000000eb680000,0x00000000eb7f3890,0x00000000eb880000)
  to   space 2048K, 0% used [0x00000000eb480000,0x00000000eb480000,0x00000000eb680000)
 ParOldGen       total 117248K, used 117233K [0x00000000c0000000, 0x00000000c7280000, 0x00000000eab00000)
  object space 117248K, 99% used [0x00000000c0000000,0x00000000c727c630,0x00000000c7280000)
 Metaspace       used 66885K, committed 68288K, reserved 1114112K
  class space    used 6858K, committed 7488K, reserved 1048576K
}
Event: 53.962 GC heap after
{Heap after GC invocations=76 (full 3):
 PSYoungGen      total 11776K, used 1971K [0x00000000eab00000, 0x00000000eb980000, 0x0000000100000000)
  eden space 9728K, 0% used [0x00000000eab00000,0x00000000eab00000,0x00000000eb480000)
  from space 2048K, 96% used [0x00000000eb480000,0x00000000eb66cfa8,0x00000000eb680000)
  to   space 2560K, 0% used [0x00000000eb700000,0x00000000eb700000,0x00000000eb980000)
 ParOldGen       total 118784K, used 118648K [0x00000000c0000000, 0x00000000c7400000, 0x00000000eab00000)
  object space 118784K, 99% used [0x00000000c0000000,0x00000000c73de278,0x00000000c7400000)
 Metaspace       used 66885K, committed 68288K, reserved 1114112K
  class space    used 6858K, committed 7488K, reserved 1048576K
}
Event: 54.058 GC heap before
{Heap before GC invocations=77 (full 3):
 PSYoungGen      total 11776K, used 11699K [0x00000000eab00000, 0x00000000eb980000, 0x0000000100000000)
  eden space 9728K, 100% used [0x00000000eab00000,0x00000000eb480000,0x00000000eb480000)
  from space 2048K, 96% used [0x00000000eb480000,0x00000000eb66cfa8,0x00000000eb680000)
  to   space 2560K, 0% used [0x00000000eb700000,0x00000000eb700000,0x00000000eb980000)
 ParOldGen       total 118784K, used 118648K [0x00000000c0000000, 0x00000000c7400000, 0x00000000eab00000)
  object space 118784K, 99% used [0x00000000c0000000,0x00000000c73de278,0x00000000c7400000)
 Metaspace       used 67065K, committed 68480K, reserved 1114112K
  class space    used 6880K, committed 7552K, reserved 1048576K
}
Event: 54.061 GC heap after
{Heap after GC invocations=77 (full 3):
 PSYoungGen      total 12288K, used 2093K [0x00000000eab00000, 0x00000000eb980000, 0x0000000100000000)
  eden space 9728K, 0% used [0x00000000eab00000,0x00000000eab00000,0x00000000eb480000)
  from space 2560K, 81% used [0x00000000eb700000,0x00000000eb90b690,0x00000000eb980000)
  to   space 2560K, 0% used [0x00000000eb480000,0x00000000eb480000,0x00000000eb700000)
 ParOldGen       total 120832K, used 120459K [0x00000000c0000000, 0x00000000c7600000, 0x00000000eab00000)
  object space 120832K, 99% used [0x00000000c0000000,0x00000000c75a2e78,0x00000000c7600000)
 Metaspace       used 67065K, committed 68480K, reserved 1114112K
  class space    used 6880K, committed 7552K, reserved 1048576K
}
Event: 54.235 GC heap before
{Heap before GC invocations=78 (full 3):
 PSYoungGen      total 12288K, used 11821K [0x00000000eab00000, 0x00000000eb980000, 0x0000000100000000)
  eden space 9728K, 100% used [0x00000000eab00000,0x00000000eb480000,0x00000000eb480000)
  from space 2560K, 81% used [0x00000000eb700000,0x00000000eb90b690,0x00000000eb980000)
  to   space 2560K, 0% used [0x00000000eb480000,0x00000000eb480000,0x00000000eb700000)
 ParOldGen       total 120832K, used 120459K [0x00000000c0000000, 0x00000000c7600000, 0x00000000eab00000)
  object space 120832K, 99% used [0x00000000c0000000,0x00000000c75a2e78,0x00000000c7600000)
 Metaspace       used 67263K, committed 68672K, reserved 1114112K
  class space    used 6909K, committed 7552K, reserved 1048576K
}
Event: 54.239 GC heap after
{Heap after GC invocations=78 (full 3):
 PSYoungGen      total 12288K, used 2487K [0x00000000eab00000, 0x00000000eba80000, 0x0000000100000000)
  eden space 9728K, 0% used [0x00000000eab00000,0x00000000eab00000,0x00000000eb480000)
  from space 2560K, 97% used [0x00000000eb480000,0x00000000eb6edc80,0x00000000eb700000)
  to   space 3072K, 0% used [0x00000000eb780000,0x00000000eb780000,0x00000000eba80000)
 ParOldGen       total 122368K, used 122320K [0x00000000c0000000, 0x00000000c7780000, 0x00000000eab00000)
  object space 122368K, 99% used [0x00000000c0000000,0x00000000c77740f0,0x00000000c7780000)
 Metaspace       used 67263K, committed 68672K, reserved 1114112K
  class space    used 6909K, committed 7552K, reserved 1048576K
}
Event: 54.744 GC heap before
{Heap before GC invocations=79 (full 3):
 PSYoungGen      total 12288K, used 12215K [0x00000000eab00000, 0x00000000eba80000, 0x0000000100000000)
  eden space 9728K, 100% used [0x00000000eab00000,0x00000000eb480000,0x00000000eb480000)
  from space 2560K, 97% used [0x00000000eb480000,0x00000000eb6edc80,0x00000000eb700000)
  to   space 3072K, 0% used [0x00000000eb780000,0x00000000eb780000,0x00000000eba80000)
 ParOldGen       total 122368K, used 122320K [0x00000000c0000000, 0x00000000c7780000, 0x00000000eab00000)
  object space 122368K, 99% used [0x00000000c0000000,0x00000000c77740f0,0x00000000c7780000)
 Metaspace       used 67318K, committed 68736K, reserved 1114112K
  class space    used 6915K, committed 7552K, reserved 1048576K
}
Event: 54.748 GC heap after
{Heap after GC invocations=79 (full 3):
 PSYoungGen      total 11776K, used 2014K [0x00000000eab00000, 0x00000000eb980000, 0x0000000100000000)
  eden space 9728K, 0% used [0x00000000eab00000,0x00000000eab00000,0x00000000eb480000)
  from space 2048K, 98% used [0x00000000eb780000,0x00000000eb977a58,0x00000000eb980000)
  to   space 2560K, 0% used [0x00000000eb480000,0x00000000eb480000,0x00000000eb700000)
 ParOldGen       total 124416K, used 124237K [0x00000000c0000000, 0x00000000c7980000, 0x00000000eab00000)
  object space 124416K, 99% used [0x00000000c0000000,0x00000000c7953518,0x00000000c7980000)
 Metaspace       used 67318K, committed 68736K, reserved 1114112K
  class space    used 6915K, committed 7552K, reserved 1048576K
}
Event: 55.169 GC heap before
{Heap before GC invocations=80 (full 3):
 PSYoungGen      total 11776K, used 11729K [0x00000000eab00000, 0x00000000eb980000, 0x0000000100000000)
  eden space 9728K, 99% used [0x00000000eab00000,0x00000000eb47cd60,0x00000000eb480000)
  from space 2048K, 98% used [0x00000000eb780000,0x00000000eb977a58,0x00000000eb980000)
  to   space 2560K, 0% used [0x00000000eb480000,0x00000000eb480000,0x00000000eb700000)
 ParOldGen       total 124416K, used 124237K [0x00000000c0000000, 0x00000000c7980000, 0x00000000eab00000)
  object space 124416K, 99% used [0x00000000c0000000,0x00000000c7953518,0x00000000c7980000)
 Metaspace       used 67351K, committed 68736K, reserved 1114112K
  class space    used 6922K, committed 7552K, reserved 1048576K
}
Event: 55.172 GC heap after
{Heap after GC invocations=80 (full 3):
 PSYoungGen      total 12288K, used 2336K [0x00000000eab00000, 0x00000000eb980000, 0x0000000100000000)
  eden space 9728K, 0% used [0x00000000eab00000,0x00000000eab00000,0x00000000eb480000)
  from space 2560K, 91% used [0x00000000eb480000,0x00000000eb6c82c0,0x00000000eb700000)
  to   space 2560K, 0% used [0x00000000eb700000,0x00000000eb700000,0x00000000eb980000)
 ParOldGen       total 126464K, used 126102K [0x00000000c0000000, 0x00000000c7b80000, 0x00000000eab00000)
  object space 126464K, 99% used [0x00000000c0000000,0x00000000c7b25860,0x00000000c7b80000)
 Metaspace       used 67351K, committed 68736K, reserved 1114112K
  class space    used 6922K, committed 7552K, reserved 1048576K
}
Event: 55.481 GC heap before
{Heap before GC invocations=81 (full 3):
 PSYoungGen      total 12288K, used 12064K [0x00000000eab00000, 0x00000000eb980000, 0x0000000100000000)
  eden space 9728K, 100% used [0x00000000eab00000,0x00000000eb480000,0x00000000eb480000)
  from space 2560K, 91% used [0x00000000eb480000,0x00000000eb6c82c0,0x00000000eb700000)
  to   space 2560K, 0% used [0x00000000eb700000,0x00000000eb700000,0x00000000eb980000)
 ParOldGen       total 126464K, used 126102K [0x00000000c0000000, 0x00000000c7b80000, 0x00000000eab00000)
  object space 126464K, 99% used [0x00000000c0000000,0x00000000c7b25860,0x00000000c7b80000)
 Metaspace       used 67510K, committed 68864K, reserved 1114112K
  class space    used 6942K, committed 7552K, reserved 1048576K
}
Event: 55.484 GC heap after
{Heap after GC invocations=81 (full 3):
 PSYoungGen      total 12288K, used 2058K [0x00000000eab00000, 0x00000000eb980000, 0x0000000100000000)
  eden space 9728K, 0% used [0x00000000eab00000,0x00000000eab00000,0x00000000eb480000)
  from space 2560K, 80% used [0x00000000eb700000,0x00000000eb902be8,0x00000000eb980000)
  to   space 2560K, 0% used [0x00000000eb480000,0x00000000eb480000,0x00000000eb700000)
 ParOldGen       total 128512K, used 128281K [0x00000000c0000000, 0x00000000c7d80000, 0x00000000eab00000)
  object space 128512K, 99% used [0x00000000c0000000,0x00000000c7d46790,0x00000000c7d80000)
 Metaspace       used 67510K, committed 68864K, reserved 1114112K
  class space    used 6942K, committed 7552K, reserved 1048576K
}

