# JRE version: OpenJDK Runtime Environment Temurin-21.0.5+11 (21.0.5+11) (build 21.0.5+11-LTS)
# Java VM: OpenJDK 64-Bit Server VM Temurin-21.0.5+11 (21.0.5+11-LTS, mixed mode, sharing, tiered, compressed oops, compressed class ptrs, parallel gc, windows-amd64)
GC Precious Log:
 CardTable entry size: 512
 CPUs: 8 total, 8 available
 Memory: 15761M
 Large Page Support: Disabled
 NUMA Support: Disabled
 Compressed Oops: Enabled (32-bit)
 Alignments: Space 512K, Generation 512K, Heap 2M
 Heap Min Capacity: 100M
 Heap Initial Capacity: 100M
 Heap Max Capacity: 1G
 Pre-touch: Disabled
 Parallel Workers: 8
Heap:
 PSYoungGen      total 24064K, used 23475K [0x00000000eab00000, 0x00000000ec980000, 0x0000000100000000)
  eden space 22016K, 97% used [0x00000000eab00000,0x00000000ebff0ab0,0x00000000ec080000)
  from space 2048K, 99% used [0x00000000ec080000,0x00000000ec27c410,0x00000000ec280000)
  to   space 4608K, 0% used [0x00000000ec500000,0x00000000ec500000,0x00000000ec980000)
 ParOldGen       total 68608K, used 26294K [0x00000000c0000000, 0x00000000c4300000, 0x00000000eab00000)
  object space 68608K, 38% used [0x00000000c0000000,0x00000000c19adb30,0x00000000c4300000)
 Metaspace       used 46460K, committed 47680K, reserved 1114112K
  class space    used 4923K, committed 5504K, reserved 1048576K
GC Heap History (20 events):
Event: 7.702 GC heap before
{Heap before GC invocations=12 (full 1):
 PSYoungGen      total 25088K, used 24686K [0x00000000eab00000, 0x00000000ec900000, 0x0000000100000000)
  eden space 23040K, 99% used [0x00000000eab00000,0x00000000ec17df10,0x00000000ec180000)
  from space 2048K, 80% used [0x00000000ec700000,0x00000000ec89d9e0,0x00000000ec900000)
  to   space 2560K, 0% used [0x00000000ec400000,0x00000000ec400000,0x00000000ec680000)
 ParOldGen       total 68608K, used 14481K [0x00000000c0000000, 0x00000000c4300000, 0x00000000eab00000)
  object space 68608K, 21% used [0x00000000c0000000,0x00000000c0e24650,0x00000000c4300000)
 Metaspace       used 31266K, committed 32256K, reserved 1114112K
  class space    used 3052K, committed 3456K, reserved 1048576K
}
Event: 7.704 GC heap after
{Heap after GC invocations=12 (full 1):
 PSYoungGen      total 24064K, used 1436K [0x00000000eab00000, 0x00000000ec780000, 0x0000000100000000)
  eden space 22528K, 0% used [0x00000000eab00000,0x00000000eab00000,0x00000000ec100000)
  from space 1536K, 93% used [0x00000000ec400000,0x00000000ec5673b8,0x00000000ec580000)
  to   space 2048K, 0% used [0x00000000ec580000,0x00000000ec580000,0x00000000ec780000)
 ParOldGen       total 68608K, used 15848K [0x00000000c0000000, 0x00000000c4300000, 0x00000000eab00000)
  object space 68608K, 23% used [0x00000000c0000000,0x00000000c0f7a390,0x00000000c4300000)
 Metaspace       used 31266K, committed 32256K, reserved 1114112K
  class space    used 3052K, committed 3456K, reserved 1048576K
}
Event: 8.012 GC heap before
{Heap before GC invocations=13 (full 1):
 PSYoungGen      total 24064K, used 23964K [0x00000000eab00000, 0x00000000ec780000, 0x0000000100000000)
  eden space 22528K, 100% used [0x00000000eab00000,0x00000000ec100000,0x00000000ec100000)
  from space 1536K, 93% used [0x00000000ec400000,0x00000000ec5673b8,0x00000000ec580000)
  to   space 2048K, 0% used [0x00000000ec580000,0x00000000ec580000,0x00000000ec780000)
 ParOldGen       total 68608K, used 15848K [0x00000000c0000000, 0x00000000c4300000, 0x00000000eab00000)
  object space 68608K, 23% used [0x00000000c0000000,0x00000000c0f7a390,0x00000000c4300000)
 Metaspace       used 33481K, committed 34624K, reserved 1114112K
  class space    used 3330K, committed 3840K, reserved 1048576K
}
Event: 8.016 GC heap after
{Heap after GC invocations=13 (full 1):
 PSYoungGen      total 23552K, used 1306K [0x00000000eab00000, 0x00000000ec700000, 0x0000000100000000)
  eden space 22016K, 0% used [0x00000000eab00000,0x00000000eab00000,0x00000000ec080000)
  from space 1536K, 85% used [0x00000000ec580000,0x00000000ec6c6b68,0x00000000ec700000)
  to   space 1536K, 0% used [0x00000000ec400000,0x00000000ec400000,0x00000000ec580000)
 ParOldGen       total 68608K, used 17094K [0x00000000c0000000, 0x00000000c4300000, 0x00000000eab00000)
  object space 68608K, 24% used [0x00000000c0000000,0x00000000c10b1a20,0x00000000c4300000)
 Metaspace       used 33481K, committed 34624K, reserved 1114112K
  class space    used 3330K, committed 3840K, reserved 1048576K
}
Event: 8.138 GC heap before
{Heap before GC invocations=14 (full 1):
 PSYoungGen      total 23552K, used 13963K [0x00000000eab00000, 0x00000000ec700000, 0x0000000100000000)
  eden space 22016K, 57% used [0x00000000eab00000,0x00000000eb75c0a0,0x00000000ec080000)
  from space 1536K, 85% used [0x00000000ec580000,0x00000000ec6c6b68,0x00000000ec700000)
  to   space 1536K, 0% used [0x00000000ec400000,0x00000000ec400000,0x00000000ec580000)
 ParOldGen       total 68608K, used 17094K [0x00000000c0000000, 0x00000000c4300000, 0x00000000eab00000)
  object space 68608K, 24% used [0x00000000c0000000,0x00000000c10b1a20,0x00000000c4300000)
 Metaspace       used 34713K, committed 35840K, reserved 1114112K
  class space    used 3460K, committed 3968K, reserved 1048576K
}
Event: 8.142 GC heap after
{Heap after GC invocations=14 (full 1):
 PSYoungGen      total 23552K, used 1239K [0x00000000eab00000, 0x00000000ec600000, 0x0000000100000000)
  eden space 22016K, 0% used [0x00000000eab00000,0x00000000eab00000,0x00000000ec080000)
  from space 1536K, 80% used [0x00000000ec400000,0x00000000ec535c30,0x00000000ec580000)
  to   space 512K, 0% used [0x00000000ec580000,0x00000000ec580000,0x00000000ec600000)
 ParOldGen       total 68608K, used 18086K [0x00000000c0000000, 0x00000000c4300000, 0x00000000eab00000)
  object space 68608K, 26% used [0x00000000c0000000,0x00000000c11a9930,0x00000000c4300000)
 Metaspace       used 34713K, committed 35840K, reserved 1114112K
  class space    used 3460K, committed 3968K, reserved 1048576K
}
Event: 8.142 GC heap before
{Heap before GC invocations=15 (full 2):
 PSYoungGen      total 23552K, used 1239K [0x00000000eab00000, 0x00000000ec600000, 0x0000000100000000)
  eden space 22016K, 0% used [0x00000000eab00000,0x00000000eab00000,0x00000000ec080000)
  from space 1536K, 80% used [0x00000000ec400000,0x00000000ec535c30,0x00000000ec580000)
  to   space 512K, 0% used [0x00000000ec580000,0x00000000ec580000,0x00000000ec600000)
 ParOldGen       total 68608K, used 18086K [0x00000000c0000000, 0x00000000c4300000, 0x00000000eab00000)
  object space 68608K, 26% used [0x00000000c0000000,0x00000000c11a9930,0x00000000c4300000)
 Metaspace       used 34713K, committed 35840K, reserved 1114112K
  class space    used 3460K, committed 3968K, reserved 1048576K
}
Event: 8.191 GC heap after
{Heap after GC invocations=15 (full 2):
 PSYoungGen      total 23552K, used 0K [0x00000000eab00000, 0x00000000ec600000, 0x0000000100000000)
  eden space 22016K, 0% used [0x00000000eab00000,0x00000000eab00000,0x00000000ec080000)
  from space 1536K, 0% used [0x00000000ec400000,0x00000000ec400000,0x00000000ec580000)
  to   space 512K, 0% used [0x00000000ec580000,0x00000000ec580000,0x00000000ec600000)
 ParOldGen       total 68608K, used 18504K [0x00000000c0000000, 0x00000000c4300000, 0x00000000eab00000)
  object space 68608K, 26% used [0x00000000c0000000,0x00000000c1212008,0x00000000c4300000)
 Metaspace       used 34713K, committed 35840K, reserved 1114112K
  class space    used 3460K, committed 3968K, reserved 1048576K
}
Event: 8.401 GC heap before
{Heap before GC invocations=16 (full 2):
 PSYoungGen      total 23552K, used 22016K [0x00000000eab00000, 0x00000000ec600000, 0x0000000100000000)
  eden space 22016K, 100% used [0x00000000eab00000,0x00000000ec080000,0x00000000ec080000)
  from space 1536K, 0% used [0x00000000ec400000,0x00000000ec400000,0x00000000ec580000)
  to   space 512K, 0% used [0x00000000ec580000,0x00000000ec580000,0x00000000ec600000)
 ParOldGen       total 68608K, used 18504K [0x00000000c0000000, 0x00000000c4300000, 0x00000000eab00000)
  object space 68608K, 26% used [0x00000000c0000000,0x00000000c1212008,0x00000000c4300000)
 Metaspace       used 36717K, committed 37888K, reserved 1114112K
  class space    used 3731K, committed 4288K, reserved 1048576K
}
Event: 8.403 GC heap after
{Heap after GC invocations=16 (full 2):
 PSYoungGen      total 22528K, used 512K [0x00000000eab00000, 0x00000000ec600000, 0x0000000100000000)
  eden space 22016K, 0% used [0x00000000eab00000,0x00000000eab00000,0x00000000ec080000)
  from space 512K, 100% used [0x00000000ec580000,0x00000000ec600000,0x00000000ec600000)
  to   space 1536K, 0% used [0x00000000ec300000,0x00000000ec300000,0x00000000ec480000)
 ParOldGen       total 68608K, used 19019K [0x00000000c0000000, 0x00000000c4300000, 0x00000000eab00000)
  object space 68608K, 27% used [0x00000000c0000000,0x00000000c1292f08,0x00000000c4300000)
 Metaspace       used 36717K, committed 37888K, reserved 1114112K
  class space    used 3731K, committed 4288K, reserved 1048576K
}
Event: 8.692 GC heap before
{Heap before GC invocations=17 (full 2):
 PSYoungGen      total 22528K, used 22528K [0x00000000eab00000, 0x00000000ec600000, 0x0000000100000000)
  eden space 22016K, 100% used [0x00000000eab00000,0x00000000ec080000,0x00000000ec080000)
  from space 512K, 100% used [0x00000000ec580000,0x00000000ec600000,0x00000000ec600000)
  to   space 1536K, 0% used [0x00000000ec300000,0x00000000ec300000,0x00000000ec480000)
 ParOldGen       total 68608K, used 19019K [0x00000000c0000000, 0x00000000c4300000, 0x00000000eab00000)
  object space 68608K, 27% used [0x00000000c0000000,0x00000000c1292f08,0x00000000c4300000)
 Metaspace       used 39038K, committed 40256K, reserved 1114112K
  class space    used 4015K, committed 4608K, reserved 1048576K
}
Event: 8.694 GC heap after
{Heap after GC invocations=17 (full 2):
 PSYoungGen      total 23552K, used 1009K [0x00000000eab00000, 0x00000000ec600000, 0x0000000100000000)
  eden space 22016K, 0% used [0x00000000eab00000,0x00000000eab00000,0x00000000ec080000)
  from space 1536K, 65% used [0x00000000ec300000,0x00000000ec3fc770,0x00000000ec480000)
  to   space 1536K, 0% used [0x00000000ec480000,0x00000000ec480000,0x00000000ec600000)
 ParOldGen       total 68608K, used 19437K [0x00000000c0000000, 0x00000000c4300000, 0x00000000eab00000)
  object space 68608K, 28% used [0x00000000c0000000,0x00000000c12fb700,0x00000000c4300000)
 Metaspace       used 39038K, committed 40256K, reserved 1114112K
  class space    used 4015K, committed 4608K, reserved 1048576K
}
Event: 8.983 GC heap before
{Heap before GC invocations=18 (full 2):
 PSYoungGen      total 23552K, used 23025K [0x00000000eab00000, 0x00000000ec600000, 0x0000000100000000)
  eden space 22016K, 100% used [0x00000000eab00000,0x00000000ec080000,0x00000000ec080000)
  from space 1536K, 65% used [0x00000000ec300000,0x00000000ec3fc770,0x00000000ec480000)
  to   space 1536K, 0% used [0x00000000ec480000,0x00000000ec480000,0x00000000ec600000)
 ParOldGen       total 68608K, used 19437K [0x00000000c0000000, 0x00000000c4300000, 0x00000000eab00000)
  object space 68608K, 28% used [0x00000000c0000000,0x00000000c12fb700,0x00000000c4300000)
 Metaspace       used 41148K, committed 42368K, reserved 1114112K
  class space    used 4283K, committed 4864K, reserved 1048576K
}
Event: 8.986 GC heap after
{Heap after GC invocations=18 (full 2):
 PSYoungGen      total 23552K, used 1517K [0x00000000eab00000, 0x00000000ec880000, 0x0000000100000000)
  eden space 22016K, 0% used [0x00000000eab00000,0x00000000eab00000,0x00000000ec080000)
  from space 1536K, 98% used [0x00000000ec480000,0x00000000ec5fb510,0x00000000ec600000)
  to   space 4096K, 0% used [0x00000000ec080000,0x00000000ec080000,0x00000000ec480000)
 ParOldGen       total 68608K, used 21287K [0x00000000c0000000, 0x00000000c4300000, 0x00000000eab00000)
  object space 68608K, 31% used [0x00000000c0000000,0x00000000c14c9f10,0x00000000c4300000)
 Metaspace       used 41148K, committed 42368K, reserved 1114112K
  class space    used 4283K, committed 4864K, reserved 1048576K
}
Event: 9.473 GC heap before
{Heap before GC invocations=19 (full 2):
 PSYoungGen      total 23552K, used 23533K [0x00000000eab00000, 0x00000000ec880000, 0x0000000100000000)
  eden space 22016K, 100% used [0x00000000eab00000,0x00000000ec080000,0x00000000ec080000)
  from space 1536K, 98% used [0x00000000ec480000,0x00000000ec5fb510,0x00000000ec600000)
  to   space 4096K, 0% used [0x00000000ec080000,0x00000000ec080000,0x00000000ec480000)
 ParOldGen       total 68608K, used 21287K [0x00000000c0000000, 0x00000000c4300000, 0x00000000eab00000)
  object space 68608K, 31% used [0x00000000c0000000,0x00000000c14c9f10,0x00000000c4300000)
 Metaspace       used 43642K, committed 44864K, reserved 1114112K
  class space    used 4581K, committed 5184K, reserved 1048576K
}
Event: 9.475 GC heap after
{Heap after GC invocations=19 (full 2):
 PSYoungGen      total 24064K, used 1904K [0x00000000eab00000, 0x00000000ec580000, 0x0000000100000000)
  eden space 22016K, 0% used [0x00000000eab00000,0x00000000eab00000,0x00000000ec080000)
  from space 2048K, 92% used [0x00000000ec080000,0x00000000ec25c010,0x00000000ec280000)
  to   space 2560K, 0% used [0x00000000ec300000,0x00000000ec300000,0x00000000ec580000)
 ParOldGen       total 68608K, used 22772K [0x00000000c0000000, 0x00000000c4300000, 0x00000000eab00000)
  object space 68608K, 33% used [0x00000000c0000000,0x00000000c163d120,0x00000000c4300000)
 Metaspace       used 43642K, committed 44864K, reserved 1114112K
  class space    used 4581K, committed 5184K, reserved 1048576K
}
Event: 9.848 GC heap before
{Heap before GC invocations=20 (full 2):
 PSYoungGen      total 24064K, used 23920K [0x00000000eab00000, 0x00000000ec580000, 0x0000000100000000)
  eden space 22016K, 100% used [0x00000000eab00000,0x00000000ec080000,0x00000000ec080000)
  from space 2048K, 92% used [0x00000000ec080000,0x00000000ec25c010,0x00000000ec280000)
  to   space 2560K, 0% used [0x00000000ec300000,0x00000000ec300000,0x00000000ec580000)
 ParOldGen       total 68608K, used 22772K [0x00000000c0000000, 0x00000000c4300000, 0x00000000eab00000)
  object space 68608K, 33% used [0x00000000c0000000,0x00000000c163d120,0x00000000c4300000)
 Metaspace       used 45339K, committed 46528K, reserved 1114112K
  class space    used 4799K, committed 5376K, reserved 1048576K
}
Event: 9.853 GC heap after
{Heap after GC invocations=20 (full 2):
 PSYoungGen      total 24064K, used 1888K [0x00000000eab00000, 0x00000000ec500000, 0x0000000100000000)
  eden space 22016K, 0% used [0x00000000eab00000,0x00000000eab00000,0x00000000ec080000)
  from space 2048K, 92% used [0x00000000ec300000,0x00000000ec4d8060,0x00000000ec500000)
  to   space 2048K, 0% used [0x00000000ec080000,0x00000000ec080000,0x00000000ec280000)
 ParOldGen       total 68608K, used 24494K [0x00000000c0000000, 0x00000000c4300000, 0x00000000eab00000)
  object space 68608K, 35% used [0x00000000c0000000,0x00000000c17ebad0,0x00000000c4300000)
 Metaspace       used 45339K, committed 46528K, reserved 1114112K
  class space    used 4799K, committed 5376K, reserved 1048576K
}
Event: 10.026 GC heap before
{Heap before GC invocations=21 (full 2):
 PSYoungGen      total 24064K, used 23904K [0x00000000eab00000, 0x00000000ec500000, 0x0000000100000000)
  eden space 22016K, 100% used [0x00000000eab00000,0x00000000ec080000,0x00000000ec080000)
  from space 2048K, 92% used [0x00000000ec300000,0x00000000ec4d8060,0x00000000ec500000)
  to   space 2048K, 0% used [0x00000000ec080000,0x00000000ec080000,0x00000000ec280000)
 ParOldGen       total 68608K, used 24494K [0x00000000c0000000, 0x00000000c4300000, 0x00000000eab00000)
  object space 68608K, 35% used [0x00000000c0000000,0x00000000c17ebad0,0x00000000c4300000)
 Metaspace       used 45919K, committed 47104K, reserved 1114112K
  class space    used 4858K, committed 5440K, reserved 1048576K
}
Event: 10.030 GC heap after
{Heap after GC invocations=21 (full 2):
 PSYoungGen      total 24064K, used 2033K [0x00000000eab00000, 0x00000000ec980000, 0x0000000100000000)
  eden space 22016K, 0% used [0x00000000eab00000,0x00000000eab00000,0x00000000ec080000)
  from space 2048K, 99% used [0x00000000ec080000,0x00000000ec27c410,0x00000000ec280000)
  to   space 4608K, 0% used [0x00000000ec500000,0x00000000ec500000,0x00000000ec980000)
 ParOldGen       total 68608K, used 26294K [0x00000000c0000000, 0x00000000c4300000, 0x00000000eab00000)
  object space 68608K, 38% used [0x00000000c0000000,0x00000000c19adb30,0x00000000c4300000)
 Metaspace       used 45919K, committed 47104K, reserved 1114112K
  class space    used 4858K, committed 5440K, reserved 1048576K
}

