# JRE version: OpenJDK Runtime Environment Temurin-21.0.5+11 (21.0.5+11) (build 21.0.5+11-LTS)
# Java VM: OpenJDK 64-Bit Server VM Temurin-21.0.5+11 (21.0.5+11-LTS, mixed mode, sharing, tiered, compressed oops, compressed class ptrs, parallel gc, windows-amd64)
GC Precious Log:
 CardTable entry size: 512
 CPUs: 8 total, 8 available
 Memory: 15761M
 Large Page Support: Disabled
 NUMA Support: Disabled
 Compressed Oops: Enabled (32-bit)
 Alignments: Space 512K, Generation 512K, Heap 2M
 Heap Min Capacity: 100M
 Heap Initial Capacity: 100M
 Heap Max Capacity: 1G
 Pre-touch: Disabled
 Parallel Workers: 8
Heap:
 PSYoungGen      total 2560K, used 2351K [0x00000000eab00000, 0x00000000eaf00000, 0x0000000100000000)
  eden space 2048K, 91% used [0x00000000eab00000,0x00000000eacd3db8,0x00000000ead00000)
  from space 512K, 93% used [0x00000000eae80000,0x00000000eaef8000,0x00000000eaf00000)
  to   space 512K, 0% used [0x00000000eae00000,0x00000000eae00000,0x00000000eae80000)
 ParOldGen       total 548352K, used 548076K [0x00000000c0000000, 0x00000000e1780000, 0x00000000eab00000)
  object space 548352K, 99% used [0x00000000c0000000,0x00000000e173b3c8,0x00000000e1780000)
 Metaspace       used 85466K, committed 87104K, reserved 1179648K
  class space    used 8586K, committed 9344K, reserved 1048576K
GC Heap History (20 events):
Event: 30358.503 GC heap before
{Heap before GC invocations=1822 (full 9):
 PSYoungGen      total 2560K, used 2388K [0x00000000eab00000, 0x00000000eaf00000, 0x0000000100000000)
  eden space 2048K, 100% used [0x00000000eab00000,0x00000000ead00000,0x00000000ead00000)
  from space 512K, 66% used [0x00000000eae80000,0x00000000eaed5200,0x00000000eaf00000)
  to   space 512K, 0% used [0x00000000eae00000,0x00000000eae00000,0x00000000eae80000)
 ParOldGen       total 545792K, used 545567K [0x00000000c0000000, 0x00000000e1500000, 0x00000000eab00000)
  object space 545792K, 99% used [0x00000000c0000000,0x00000000e14c7ca0,0x00000000e1500000)
 Metaspace       used 84179K, committed 85696K, reserved 1179648K
  class space    used 8457K, committed 9152K, reserved 1048576K
}
Event: 30358.512 GC heap after
{Heap after GC invocations=1822 (full 9):
 PSYoungGen      total 2560K, used 512K [0x00000000eab00000, 0x00000000eaf00000, 0x0000000100000000)
  eden space 2048K, 0% used [0x00000000eab00000,0x00000000eab00000,0x00000000ead00000)
  from space 512K, 100% used [0x00000000eae00000,0x00000000eae80000,0x00000000eae80000)
  to   space 512K, 0% used [0x00000000eae80000,0x00000000eae80000,0x00000000eaf00000)
 ParOldGen       total 546304K, used 545896K [0x00000000c0000000, 0x00000000e1580000, 0x00000000eab00000)
  object space 546304K, 99% used [0x00000000c0000000,0x00000000e151a130,0x00000000e1580000)
 Metaspace       used 84179K, committed 85696K, reserved 1179648K
  class space    used 8457K, committed 9152K, reserved 1048576K
}
Event: 30358.527 GC heap before
{Heap before GC invocations=1823 (full 9):
 PSYoungGen      total 2560K, used 2560K [0x00000000eab00000, 0x00000000eaf00000, 0x0000000100000000)
  eden space 2048K, 100% used [0x00000000eab00000,0x00000000ead00000,0x00000000ead00000)
  from space 512K, 100% used [0x00000000eae00000,0x00000000eae80000,0x00000000eae80000)
  to   space 512K, 0% used [0x00000000eae80000,0x00000000eae80000,0x00000000eaf00000)
 ParOldGen       total 546304K, used 545896K [0x00000000c0000000, 0x00000000e1580000, 0x00000000eab00000)
  object space 546304K, 99% used [0x00000000c0000000,0x00000000e151a130,0x00000000e1580000)
 Metaspace       used 84182K, committed 85696K, reserved 1179648K
  class space    used 8458K, committed 9152K, reserved 1048576K
}
Event: 30358.529 GC heap after
{Heap after GC invocations=1823 (full 9):
 PSYoungGen      total 2560K, used 320K [0x00000000eab00000, 0x00000000eaf00000, 0x0000000100000000)
  eden space 2048K, 0% used [0x00000000eab00000,0x00000000eab00000,0x00000000ead00000)
  from space 512K, 62% used [0x00000000eae80000,0x00000000eaed0000,0x00000000eaf00000)
  to   space 512K, 0% used [0x00000000eae00000,0x00000000eae00000,0x00000000eae80000)
 ParOldGen       total 546304K, used 546276K [0x00000000c0000000, 0x00000000e1580000, 0x00000000eab00000)
  object space 546304K, 99% used [0x00000000c0000000,0x00000000e1579140,0x00000000e1580000)
 Metaspace       used 84182K, committed 85696K, reserved 1179648K
  class space    used 8458K, committed 9152K, reserved 1048576K
}
Event: 30358.561 GC heap before
{Heap before GC invocations=1824 (full 9):
 PSYoungGen      total 2560K, used 2368K [0x00000000eab00000, 0x00000000eaf00000, 0x0000000100000000)
  eden space 2048K, 100% used [0x00000000eab00000,0x00000000ead00000,0x00000000ead00000)
  from space 512K, 62% used [0x00000000eae80000,0x00000000eaed0000,0x00000000eaf00000)
  to   space 512K, 0% used [0x00000000eae00000,0x00000000eae00000,0x00000000eae80000)
 ParOldGen       total 546304K, used 546276K [0x00000000c0000000, 0x00000000e1580000, 0x00000000eab00000)
  object space 546304K, 99% used [0x00000000c0000000,0x00000000e1579140,0x00000000e1580000)
 Metaspace       used 84195K, committed 85760K, reserved 1179648K
  class space    used 8459K, committed 9216K, reserved 1048576K
}
Event: 30358.562 GC heap after
{Heap after GC invocations=1824 (full 9):
 PSYoungGen      total 2560K, used 404K [0x00000000eab00000, 0x00000000eaf00000, 0x0000000100000000)
  eden space 2048K, 0% used [0x00000000eab00000,0x00000000eab00000,0x00000000ead00000)
  from space 512K, 79% used [0x00000000eae00000,0x00000000eae65200,0x00000000eae80000)
  to   space 512K, 0% used [0x00000000eae80000,0x00000000eae80000,0x00000000eaf00000)
 ParOldGen       total 546816K, used 546480K [0x00000000c0000000, 0x00000000e1600000, 0x00000000eab00000)
  object space 546816K, 99% used [0x00000000c0000000,0x00000000e15ac150,0x00000000e1600000)
 Metaspace       used 84195K, committed 85760K, reserved 1179648K
  class space    used 8459K, committed 9216K, reserved 1048576K
}
Event: 30358.591 GC heap before
{Heap before GC invocations=1825 (full 9):
 PSYoungGen      total 2560K, used 2452K [0x00000000eab00000, 0x00000000eaf00000, 0x0000000100000000)
  eden space 2048K, 100% used [0x00000000eab00000,0x00000000ead00000,0x00000000ead00000)
  from space 512K, 79% used [0x00000000eae00000,0x00000000eae65200,0x00000000eae80000)
  to   space 512K, 0% used [0x00000000eae80000,0x00000000eae80000,0x00000000eaf00000)
 ParOldGen       total 546816K, used 546480K [0x00000000c0000000, 0x00000000e1600000, 0x00000000eab00000)
  object space 546816K, 99% used [0x00000000c0000000,0x00000000e15ac150,0x00000000e1600000)
 Metaspace       used 84213K, committed 85824K, reserved 1179648K
  class space    used 8461K, committed 9216K, reserved 1048576K
}
Event: 30358.594 GC heap after
{Heap after GC invocations=1825 (full 9):
 PSYoungGen      total 2560K, used 512K [0x00000000eab00000, 0x00000000eaf00000, 0x0000000100000000)
  eden space 2048K, 0% used [0x00000000eab00000,0x00000000eab00000,0x00000000ead00000)
  from space 512K, 100% used [0x00000000eae80000,0x00000000eaf00000,0x00000000eaf00000)
  to   space 1024K, 0% used [0x00000000ead00000,0x00000000ead00000,0x00000000eae00000)
 ParOldGen       total 546816K, used 546772K [0x00000000c0000000, 0x00000000e1600000, 0x00000000eab00000)
  object space 546816K, 99% used [0x00000000c0000000,0x00000000e15f5350,0x00000000e1600000)
 Metaspace       used 84213K, committed 85824K, reserved 1179648K
  class space    used 8461K, committed 9216K, reserved 1048576K
}
Event: 30358.604 GC heap before
{Heap before GC invocations=1826 (full 9):
 PSYoungGen      total 2560K, used 2560K [0x00000000eab00000, 0x00000000eaf00000, 0x0000000100000000)
  eden space 2048K, 100% used [0x00000000eab00000,0x00000000ead00000,0x00000000ead00000)
  from space 512K, 100% used [0x00000000eae80000,0x00000000eaf00000,0x00000000eaf00000)
  to   space 1024K, 0% used [0x00000000ead00000,0x00000000ead00000,0x00000000eae00000)
 ParOldGen       total 546816K, used 546772K [0x00000000c0000000, 0x00000000e1600000, 0x00000000eab00000)
  object space 546816K, 99% used [0x00000000c0000000,0x00000000e15f5350,0x00000000e1600000)
 Metaspace       used 84218K, committed 85824K, reserved 1179648K
  class space    used 8461K, committed 9216K, reserved 1048576K
}
Event: 30358.610 GC heap after
{Heap after GC invocations=1826 (full 9):
 PSYoungGen      total 3072K, used 320K [0x00000000eab00000, 0x00000000eaf00000, 0x0000000100000000)
  eden space 2048K, 0% used [0x00000000eab00000,0x00000000eab00000,0x00000000ead00000)
  from space 1024K, 31% used [0x00000000ead00000,0x00000000ead50000,0x00000000eae00000)
  to   space 512K, 0% used [0x00000000eae80000,0x00000000eae80000,0x00000000eaf00000)
 ParOldGen       total 547328K, used 547164K [0x00000000c0000000, 0x00000000e1680000, 0x00000000eab00000)
  object space 547328K, 99% used [0x00000000c0000000,0x00000000e1657360,0x00000000e1680000)
 Metaspace       used 84218K, committed 85824K, reserved 1179648K
  class space    used 8461K, committed 9216K, reserved 1048576K
}
Event: 30358.669 GC heap before
{Heap before GC invocations=1827 (full 9):
 PSYoungGen      total 3072K, used 2368K [0x00000000eab00000, 0x00000000eaf00000, 0x0000000100000000)
  eden space 2048K, 100% used [0x00000000eab00000,0x00000000ead00000,0x00000000ead00000)
  from space 1024K, 31% used [0x00000000ead00000,0x00000000ead50000,0x00000000eae00000)
  to   space 512K, 0% used [0x00000000eae80000,0x00000000eae80000,0x00000000eaf00000)
 ParOldGen       total 547328K, used 547164K [0x00000000c0000000, 0x00000000e1680000, 0x00000000eab00000)
  object space 547328K, 99% used [0x00000000c0000000,0x00000000e1657360,0x00000000e1680000)
 Metaspace       used 84291K, committed 85888K, reserved 1179648K
  class space    used 8467K, committed 9216K, reserved 1048576K
}
Event: 30358.672 GC heap after
{Heap after GC invocations=1827 (full 9):
 PSYoungGen      total 2560K, used 478K [0x00000000eab00000, 0x00000000eaf00000, 0x0000000100000000)
  eden space 2048K, 0% used [0x00000000eab00000,0x00000000eab00000,0x00000000ead00000)
  from space 512K, 93% used [0x00000000eae80000,0x00000000eaef7a50,0x00000000eaf00000)
  to   space 512K, 0% used [0x00000000eae00000,0x00000000eae00000,0x00000000eae80000)
 ParOldGen       total 547840K, used 547372K [0x00000000c0000000, 0x00000000e1700000, 0x00000000eab00000)
  object space 547840K, 99% used [0x00000000c0000000,0x00000000e168b380,0x00000000e1700000)
 Metaspace       used 84291K, committed 85888K, reserved 1179648K
  class space    used 8467K, committed 9216K, reserved 1048576K
}
Event: 30358.800 GC heap before
{Heap before GC invocations=1828 (full 9):
 PSYoungGen      total 2560K, used 2514K [0x00000000eab00000, 0x00000000eaf00000, 0x0000000100000000)
  eden space 2048K, 99% used [0x00000000eab00000,0x00000000eacfcdd0,0x00000000ead00000)
  from space 512K, 93% used [0x00000000eae80000,0x00000000eaef7a50,0x00000000eaf00000)
  to   space 512K, 0% used [0x00000000eae00000,0x00000000eae00000,0x00000000eae80000)
 ParOldGen       total 547840K, used 547372K [0x00000000c0000000, 0x00000000e1700000, 0x00000000eab00000)
  object space 547840K, 99% used [0x00000000c0000000,0x00000000e168b380,0x00000000e1700000)
 Metaspace       used 84686K, committed 86208K, reserved 1179648K
  class space    used 8510K, committed 9216K, reserved 1048576K
}
Event: 30358.803 GC heap after
{Heap after GC invocations=1828 (full 9):
 PSYoungGen      total 2560K, used 288K [0x00000000eab00000, 0x00000000eaf00000, 0x0000000100000000)
  eden space 2048K, 0% used [0x00000000eab00000,0x00000000eab00000,0x00000000ead00000)
  from space 512K, 56% used [0x00000000eae00000,0x00000000eae48000,0x00000000eae80000)
  to   space 512K, 0% used [0x00000000eae80000,0x00000000eae80000,0x00000000eaf00000)
 ParOldGen       total 547840K, used 547596K [0x00000000c0000000, 0x00000000e1700000, 0x00000000eab00000)
  object space 547840K, 99% used [0x00000000c0000000,0x00000000e16c3380,0x00000000e1700000)
 Metaspace       used 84686K, committed 86208K, reserved 1179648K
  class space    used 8510K, committed 9216K, reserved 1048576K
}
Event: 30358.965 GC heap before
{Heap before GC invocations=1829 (full 9):
 PSYoungGen      total 2560K, used 2304K [0x00000000eab00000, 0x00000000eaf00000, 0x0000000100000000)
  eden space 2048K, 98% used [0x00000000eab00000,0x00000000eacf8248,0x00000000ead00000)
  from space 512K, 56% used [0x00000000eae00000,0x00000000eae48000,0x00000000eae80000)
  to   space 512K, 0% used [0x00000000eae80000,0x00000000eae80000,0x00000000eaf00000)
 ParOldGen       total 547840K, used 547596K [0x00000000c0000000, 0x00000000e1700000, 0x00000000eab00000)
  object space 547840K, 99% used [0x00000000c0000000,0x00000000e16c3380,0x00000000e1700000)
 Metaspace       used 84915K, committed 86528K, reserved 1179648K
  class space    used 8530K, committed 9280K, reserved 1048576K
}
Event: 30358.969 GC heap after
{Heap after GC invocations=1829 (full 9):
 PSYoungGen      total 2560K, used 352K [0x00000000eab00000, 0x00000000eaf00000, 0x0000000100000000)
  eden space 2048K, 0% used [0x00000000eab00000,0x00000000eab00000,0x00000000ead00000)
  from space 512K, 68% used [0x00000000eae80000,0x00000000eaed8020,0x00000000eaf00000)
  to   space 512K, 0% used [0x00000000eae00000,0x00000000eae00000,0x00000000eae80000)
 ParOldGen       total 547840K, used 547721K [0x00000000c0000000, 0x00000000e1700000, 0x00000000eab00000)
  object space 547840K, 99% used [0x00000000c0000000,0x00000000e16e2600,0x00000000e1700000)
 Metaspace       used 84915K, committed 86528K, reserved 1179648K
  class space    used 8530K, committed 9280K, reserved 1048576K
}
Event: 30359.113 GC heap before
{Heap before GC invocations=1830 (full 9):
 PSYoungGen      total 2560K, used 2400K [0x00000000eab00000, 0x00000000eaf00000, 0x0000000100000000)
  eden space 2048K, 100% used [0x00000000eab00000,0x00000000ead00000,0x00000000ead00000)
  from space 512K, 68% used [0x00000000eae80000,0x00000000eaed8020,0x00000000eaf00000)
  to   space 512K, 0% used [0x00000000eae00000,0x00000000eae00000,0x00000000eae80000)
 ParOldGen       total 547840K, used 547721K [0x00000000c0000000, 0x00000000e1700000, 0x00000000eab00000)
  object space 547840K, 99% used [0x00000000c0000000,0x00000000e16e2600,0x00000000e1700000)
 Metaspace       used 85184K, committed 86784K, reserved 1179648K
  class space    used 8550K, committed 9280K, reserved 1048576K
}
Event: 30359.117 GC heap after
{Heap after GC invocations=1830 (full 9):
 PSYoungGen      total 2560K, used 323K [0x00000000eab00000, 0x00000000eaf00000, 0x0000000100000000)
  eden space 2048K, 0% used [0x00000000eab00000,0x00000000eab00000,0x00000000ead00000)
  from space 512K, 63% used [0x00000000eae00000,0x00000000eae50da8,0x00000000eae80000)
  to   space 512K, 0% used [0x00000000eae80000,0x00000000eae80000,0x00000000eaf00000)
 ParOldGen       total 548352K, used 547897K [0x00000000c0000000, 0x00000000e1780000, 0x00000000eab00000)
  object space 548352K, 99% used [0x00000000c0000000,0x00000000e170e620,0x00000000e1780000)
 Metaspace       used 85184K, committed 86784K, reserved 1179648K
  class space    used 8550K, committed 9280K, reserved 1048576K
}
Event: 30359.206 GC heap before
{Heap before GC invocations=1831 (full 9):
 PSYoungGen      total 2560K, used 2371K [0x00000000eab00000, 0x00000000eaf00000, 0x0000000100000000)
  eden space 2048K, 100% used [0x00000000eab00000,0x00000000ead00000,0x00000000ead00000)
  from space 512K, 63% used [0x00000000eae00000,0x00000000eae50da8,0x00000000eae80000)
  to   space 512K, 0% used [0x00000000eae80000,0x00000000eae80000,0x00000000eaf00000)
 ParOldGen       total 548352K, used 547897K [0x00000000c0000000, 0x00000000e1780000, 0x00000000eab00000)
  object space 548352K, 99% used [0x00000000c0000000,0x00000000e170e620,0x00000000e1780000)
 Metaspace       used 85230K, committed 86784K, reserved 1179648K
  class space    used 8562K, committed 9280K, reserved 1048576K
}
Event: 30359.209 GC heap after
{Heap after GC invocations=1831 (full 9):
 PSYoungGen      total 2560K, used 480K [0x00000000eab00000, 0x00000000eaf00000, 0x0000000100000000)
  eden space 2048K, 0% used [0x00000000eab00000,0x00000000eab00000,0x00000000ead00000)
  from space 512K, 93% used [0x00000000eae80000,0x00000000eaef8000,0x00000000eaf00000)
  to   space 512K, 0% used [0x00000000eae00000,0x00000000eae00000,0x00000000eae80000)
 ParOldGen       total 548352K, used 548076K [0x00000000c0000000, 0x00000000e1780000, 0x00000000eab00000)
  object space 548352K, 99% used [0x00000000c0000000,0x00000000e173b3c8,0x00000000e1780000)
 Metaspace       used 85230K, committed 86784K, reserved 1179648K
  class space    used 8562K, committed 9280K, reserved 1048576K
}

